#
# A fatal error has been detected by the Java Runtime Environment:
#
#  EXCEPTION_ACCESS_VIOLATION (0xc0000005) at pc=0x0000000180005b00, pid=2448, tid=10272
#
# JRE version: Java(TM) SE Runtime Environment (10.0.2+13) (build 10.0.2+13)
# Java VM: Java HotSpot(TM) 64-Bit Server VM (10.0.2+13, mixed mode, tiered, compressed oops, g1 gc, windows-amd64)
# Problematic frame:
# C  [rxtxSerial.dll+0x5b00]
#
# No core dump will be written. Minidumps are not enabled by default on client versions of Windows
#
# If you would like to submit a bug report, please visit:
#   http://bugreport.java.com/bugreport/crash.jsp
# The crash happened outside the Java Virtual Machine in native code.
# See problematic frame for where to report the bug.
#

---------------  S U M M A R Y ------------

Command Line: -Djava.library.path=D:\SerialDataTest\Logger\SerialDataIn -Dfile.encoding=Cp1252 com.serialdata.SerialData

Host: Intel(R) Core(TM) i5-7200U CPU @ 2.50GHz, 4 cores, 3G,  Windows 10 , 64 bit Build 18362 (10.0.18362.86)
Time: Fri Jul 05 12:43:35 2019 Sri Lanka Standard Time elapsed time: 7 seconds (0d 0h 0m 7s)

---------------  T H R E A D  ---------------

Current thread (0x0000019b79516800):  JavaThread "Thread-0" [_thread_in_native, id=10272, stack(0x0000004628d00000,0x0000004628e00000)]

Stack: [0x0000004628d00000,0x0000004628e00000],  sp=0x0000004628dfdf80,  free space=1015k
Native frames: (J=compiled Java code, j=interpreted, Vv=VM code, C=native code)
C  [rxtxSerial.dll+0x5b00]

Java frames: (J=compiled Java code, j=interpreted, Vv=VM code)
j  gnu.io.RXTXPort.readArray([BII)I+0
j  gnu.io.RXTXPort$SerialInputStream.read([BII)I+212
j  sun.nio.cs.StreamDecoder.readBytes()I+135 java.base@10.0.2
j  sun.nio.cs.StreamDecoder.implRead([CII)I+112 java.base@10.0.2
j  sun.nio.cs.StreamDecoder.read([CII)I+180 java.base@10.0.2
j  java.io.InputStreamReader.read([CII)I+7 java.base@10.0.2
j  java.io.BufferedReader.fill()V+145 java.base@10.0.2
j  java.io.BufferedReader.readLine(Z)Ljava/lang/String;+44 java.base@10.0.2
j  java.io.BufferedReader.readLine()Ljava/lang/String;+2 java.base@10.0.2
j  com.serialdata.SerialData.serialEvent(Lgnu/io/SerialPortEvent;)V+12
j  gnu.io.RXTXPort.sendEvent(IZ)Z+382
v  ~StubRoutines::call_stub
j  gnu.io.RXTXPort.eventLoop()V+0
j  gnu.io.RXTXPort$MonitorThread.run()V+12
v  ~StubRoutines::call_stub

siginfo: EXCEPTION_ACCESS_VIOLATION (0xc0000005), reading address 0x0000000028dfed48


Register to memory mapping:

RIP=0x0000000180005b00 rxtxSerial.dll
RAX=0x0000000000000001 is an unknown value
RBX=0x0000000000000000 is an unknown value
RCX=0x000000018001d4d5 rxtxSerial.dll
RDX=0xfffffffffffff665 is an unknown value
RSP=0x0000004628dfdf80 is pointing into the stack for thread: 0x0000019b79516800
RBP=
[error occurred during error reporting (printing register info), id 0xc0000005]

Registers:
RAX=0x0000000000000001, RBX=0x0000000000000000, RCX=0x000000018001d4d5, RDX=0xfffffffffffff665
RSP=0x0000004628dfdf80, RBP=0x00000000ffffffff, RSI=0x0000000000000000, RDI=0x0000019b79516a70
R8 =0x0000000000000002, R9 =0xfffffffffffff63c, R10=0x000000000000008c, R11=0x8101010101010100
R12=0x0000000028dfed40, R13=0x0000000000000020, R14=0x0000004628dfe170, R15=0x0000000000000000
RIP=0x0000000180005b00, EFLAGS=0x0000000000010202

Top of Stack: (sp=0x0000004628dfdf80)
0x0000004628dfdf80:   0000000000000000 0000000000000000
0x0000004628dfdf90:   0000004628dfe178 0000000000000000
0x0000004628dfdfa0:   0000000000000000 0000004628dfe170
0x0000004628dfdfb0:   0000019b7b091890 0000000000000001
0x0000004628dfdfc0:   0000019b79516a70 0000000000000020
0x0000004628dfdfd0:   ffffffffffffffff 0000000180006211
0x0000004628dfdfe0:   0000019b790d2cb0 0000000000000000
0x0000004628dfdff0:   ffffffff00000001 0000019b790d2cb0
0x0000004628dfe000:   0000004600000020 00000000ffffffff
0x0000004628dfe010:   0000004628dfe178 0000019b7b091898
0x0000004628dfe020:   0000019b7b091898 0000019b78e76dd0
0x0000004628dfe030:   0000004628dfe9c8 000000005fb146e3
0x0000004628dfe040:   0000019b79516800 00000001001dd568
0x0000004628dfe050:   0000019b78e76dd0 0000336f74a03a69
0x0000004628dfe060:   0000019b7b091898 0000019b7b091890
0x0000004628dfe070:   0000019b79516800 0000004628dfe178 

Instructions: (pc=0x0000000180005b00)
0x0000000180005ae0:   15 23 7a 01 00 48 8d 48 60 e8 3a 5d 00 00 4c 8b
0x0000000180005af0:   e5 8b ac 24 88 00 00 00 44 8b ac 24 80 00 00 00
0x0000000180005b00:   45 8b 74 24 08 41 89 5c 24 08 41 8b fd 85 ed 78
0x0000000180005b10:   09 ff 15 e9 14 01 00 44 8b f8 45 85 ed 7e 4a 90 



---------------  P R O C E S S  ---------------

Threads class SMR info:
_java_thread_list=0x0000019b782bc620, length=18, elements={
0x0000019b77884000, 0x0000019b778e6000, 0x0000019b778f3800, 0x0000019b778f4800,
0x0000019b778f8000, 0x0000019b77903800, 0x0000019b77904800, 0x0000019b77968800,
0x0000019b77b7a000, 0x0000019b77bc1800, 0x0000019b78053800, 0x0000019b78054800,
0x0000019b78055000, 0x0000019b782e1000, 0x0000019b7919b000, 0x0000019b79516800,
0x0000019b78e44800, 0x0000019b5bf2f800
}

Java Threads: ( => current thread )
  0x0000019b77884000 JavaThread "Reference Handler" daemon [_thread_blocked, id=9500, stack(0x0000004627d00000,0x0000004627e00000)]
  0x0000019b778e6000 JavaThread "Finalizer" daemon [_thread_blocked, id=9872, stack(0x0000004627e00000,0x0000004627f00000)]
  0x0000019b778f3800 JavaThread "Signal Dispatcher" daemon [_thread_blocked, id=3292, stack(0x0000004627f00000,0x0000004628000000)]
  0x0000019b778f4800 JavaThread "Attach Listener" daemon [_thread_blocked, id=9460, stack(0x0000004628000000,0x0000004628100000)]
  0x0000019b778f8000 JavaThread "C2 CompilerThread0" daemon [_thread_blocked, id=12128, stack(0x0000004628100000,0x0000004628200000)]
  0x0000019b77903800 JavaThread "C2 CompilerThread1" daemon [_thread_blocked, id=6384, stack(0x0000004628200000,0x0000004628300000)]
  0x0000019b77904800 JavaThread "C1 CompilerThread2" daemon [_thread_blocked, id=1288, stack(0x0000004628300000,0x0000004628400000)]
  0x0000019b77968800 JavaThread "Sweeper thread" daemon [_thread_blocked, id=10640, stack(0x0000004628400000,0x0000004628500000)]
  0x0000019b77b7a000 JavaThread "Service Thread" daemon [_thread_blocked, id=7604, stack(0x0000004628500000,0x0000004628600000)]
  0x0000019b77bc1800 JavaThread "Common-Cleaner" daemon [_thread_blocked, id=6028, stack(0x0000004628600000,0x0000004628700000)]
  0x0000019b78053800 JavaThread "Java2D Disposer" daemon [_thread_blocked, id=11912, stack(0x0000004628800000,0x0000004628900000)]
  0x0000019b78054800 JavaThread "AWT-Shutdown" [_thread_blocked, id=7788, stack(0x0000004628900000,0x0000004628a00000)]
  0x0000019b78055000 JavaThread "AWT-Windows" daemon [_thread_in_native, id=9964, stack(0x0000004628a00000,0x0000004628b00000)]
  0x0000019b782e1000 JavaThread "AWT-EventQueue-0" [_thread_blocked, id=4436, stack(0x0000004628b00000,0x0000004628c00000)]
  0x0000019b7919b000 JavaThread "Abandoned connection cleanup thread" daemon [_thread_blocked, id=2248, stack(0x0000004628c00000,0x0000004628d00000)]
=>0x0000019b79516800 JavaThread "Thread-0" [_thread_in_native, id=10272, stack(0x0000004628d00000,0x0000004628e00000)]
  0x0000019b78e44800 JavaThread "Thread-1" [_thread_blocked, id=9152, stack(0x0000004628e00000,0x0000004628f00000)]
  0x0000019b5bf2f800 JavaThread "DestroyJavaVM" [_thread_blocked, id=12232, stack(0x0000004627000000,0x0000004627100000)]

Other Threads:
  0x0000019b778cf800 VMThread "VM Thread" [stack: 0x0000004627c00000,0x0000004627d00000] [id=7084]
  0x0000019b77bc2000 WatcherThread [stack: 0x0000004628700000,0x0000004628800000] [id=5740]
  0x0000019b5bf49800 GCTaskThread "GC Thread#0" [stack: 0x0000004627100000,0x0000004627200000] [id=10780]
  0x0000019b5bf4b000 GCTaskThread "GC Thread#1" [stack: 0x0000004627200000,0x0000004627300000] [id=9700]
  0x0000019b5bf4c800 GCTaskThread "GC Thread#2" [stack: 0x0000004627300000,0x0000004627400000] [id=6112]
  0x0000019b5bf4e800 GCTaskThread "GC Thread#3" [stack: 0x0000004627400000,0x0000004627500000] [id=12132]
  0x0000019b5bf8b000 ConcurrentGCThread "G1 Main Marker" [stack: 0x0000004627500000,0x0000004627600000] [id=1888]
  0x0000019b5bf8e000 ConcurrentGCThread "G1 Conc#0" [stack: 0x0000004627600000,0x0000004627700000] [id=5344]
  0x0000019b5bfd6800 ConcurrentGCThread "G1 Refine#0" [stack: 0x0000004627700000,0x0000004627800000] [id=11452]
  0x0000019b5bfd7800 ConcurrentGCThread "G1 Refine#1" [stack: 0x0000004627800000,0x0000004627900000] [id=10532]
  0x0000019b5bfd9000 ConcurrentGCThread "G1 Refine#2" [stack: 0x0000004627900000,0x0000004627a00000] [id=8940]
  0x0000019b5bfdb800 ConcurrentGCThread "G1 Refine#3" [stack: 0x0000004627a00000,0x0000004627b00000] [id=9092]
  0x0000019b5bfe0000 ConcurrentGCThread "G1 Young RemSet Sampling" [stack: 0x0000004627b00000,0x0000004627c00000] [id=8636]

Threads with active compile tasks:

VM state:not at safepoint (normal execution)

VM Mutex/Monitor currently owned by a thread: None

Heap address: 0x00000000c1400000, size: 1004 MB, Compressed Oops mode: 32-bit
Narrow klass base: 0x0000000000000000, Narrow klass shift: 3
Compressed class space size: 1073741824 Address: 0x0000000100000000

Heap:
 garbage-first heap   total 65536K, used 8540K [0x00000000c1400000, 0x0000000100000000)
  region size 1024K, 8 young (8192K), 2 survivors (2048K)
 Metaspace       used 16695K, capacity 17149K, committed 17408K, reserved 1064960K
  class space    used 1787K, capacity 1986K, committed 2048K, reserved 1048576K
Heap Regions: E=young(eden), S=young(survivor), O=old, HS=humongous(starts), HC=humongous(continues), CS=collection set, F=free, A=archive, TS=gc time stamp, AC=allocation context, TAMS=top-at-mark-start (previous, next)
|   0|0x00000000c1400000, 0x00000000c1500000, 0x00000000c1500000|100%| O|  |TS  1|AC  0|TAMS 0x00000000c1400000, 0x00000000c1400000|
|   1|0x00000000c1500000, 0x00000000c1557000, 0x00000000c1600000| 33%| O|  |TS  1|AC  0|TAMS 0x00000000c1500000, 0x00000000c1500000|
|   2|0x00000000c1600000, 0x00000000c1600000, 0x00000000c1700000|  0%| F|  |TS  0|AC  0|TAMS 0x00000000c1600000, 0x00000000c1600000|
|   3|0x00000000c1700000, 0x00000000c1700000, 0x00000000c1800000|  0%| F|  |TS  0|AC  0|TAMS 0x00000000c1700000, 0x00000000c1700000|
|   4|0x00000000c1800000, 0x00000000c1800000, 0x00000000c1900000|  0%| F|  |TS  0|AC  0|TAMS 0x00000000c1800000, 0x00000000c1800000|
|   5|0x00000000c1900000, 0x00000000c1900000, 0x00000000c1a00000|  0%| F|  |TS  0|AC  0|TAMS 0x00000000c1900000, 0x00000000c1900000|
|   6|0x00000000c1a00000, 0x00000000c1a00000, 0x00000000c1b00000|  0%| F|  |TS  0|AC  0|TAMS 0x00000000c1a00000, 0x00000000c1a00000|
|   7|0x00000000c1b00000, 0x00000000c1b00000, 0x00000000c1c00000|  0%| F|  |TS  0|AC  0|TAMS 0x00000000c1b00000, 0x00000000c1b00000|
|   8|0x00000000c1c00000, 0x00000000c1c00000, 0x00000000c1d00000|  0%| F|  |TS  0|AC  0|TAMS 0x00000000c1c00000, 0x00000000c1c00000|
|   9|0x00000000c1d00000, 0x00000000c1d00000, 0x00000000c1e00000|  0%| F|  |TS  0|AC  0|TAMS 0x00000000c1d00000, 0x00000000c1d00000|
|  10|0x00000000c1e00000, 0x00000000c1e00000, 0x00000000c1f00000|  0%| F|  |TS  0|AC  0|TAMS 0x00000000c1e00000, 0x00000000c1e00000|
|  11|0x00000000c1f00000, 0x00000000c1f00000, 0x00000000c2000000|  0%| F|  |TS  0|AC  0|TAMS 0x00000000c1f00000, 0x00000000c1f00000|
|  12|0x00000000c2000000, 0x00000000c2000000, 0x00000000c2100000|  0%| F|  |TS  0|AC  0|TAMS 0x00000000c2000000, 0x00000000c2000000|
|  13|0x00000000c2100000, 0x00000000c2100000, 0x00000000c2200000|  0%| F|  |TS  0|AC  0|TAMS 0x00000000c2100000, 0x00000000c2100000|
|  14|0x00000000c2200000, 0x00000000c2200000, 0x00000000c2300000|  0%| F|  |TS  0|AC  0|TAMS 0x00000000c2200000, 0x00000000c2200000|
|  15|0x00000000c2300000, 0x00000000c2300000, 0x00000000c2400000|  0%| F|  |TS  0|AC  0|TAMS 0x00000000c2300000, 0x00000000c2300000|
|  16|0x00000000c2400000, 0x00000000c2400000, 0x00000000c2500000|  0%| F|  |TS  0|AC  0|TAMS 0x00000000c2400000, 0x00000000c2400000|
|  17|0x00000000c2500000, 0x00000000c2500000, 0x00000000c2600000|  0%| F|  |TS  0|AC  0|TAMS 0x00000000c2500000, 0x00000000c2500000|
|  18|0x00000000c2600000, 0x00000000c2600000, 0x00000000c2700000|  0%| F|  |TS  0|AC  0|TAMS 0x00000000c2600000, 0x00000000c2600000|
|  19|0x00000000c2700000, 0x00000000c2700000, 0x00000000c2800000|  0%| F|  |TS  0|AC  0|TAMS 0x00000000c2700000, 0x00000000c2700000|
|  20|0x00000000c2800000, 0x00000000c2800000, 0x00000000c2900000|  0%| F|  |TS  0|AC  0|TAMS 0x00000000c2800000, 0x00000000c2800000|
|  21|0x00000000c2900000, 0x00000000c2900000, 0x00000000c2a00000|  0%| F|  |TS  0|AC  0|TAMS 0x00000000c2900000, 0x00000000c2900000|
|  22|0x00000000c2a00000, 0x00000000c2a00000, 0x00000000c2b00000|  0%| F|  |TS  0|AC  0|TAMS 0x00000000c2a00000, 0x00000000c2a00000|
|  23|0x00000000c2b00000, 0x00000000c2b00000, 0x00000000c2c00000|  0%| F|  |TS  0|AC  0|TAMS 0x00000000c2b00000, 0x00000000c2b00000|
|  24|0x00000000c2c00000, 0x00000000c2c00000, 0x00000000c2d00000|  0%| F|  |TS  0|AC  0|TAMS 0x00000000c2c00000, 0x00000000c2c00000|
|  25|0x00000000c2d00000, 0x00000000c2d00000, 0x00000000c2e00000|  0%| F|  |TS  0|AC  0|TAMS 0x00000000c2d00000, 0x00000000c2d00000|
|  26|0x00000000c2e00000, 0x00000000c2e00000, 0x00000000c2f00000|  0%| F|  |TS  0|AC  0|TAMS 0x00000000c2e00000, 0x00000000c2e00000|
|  27|0x00000000c2f00000, 0x00000000c2f00000, 0x00000000c3000000|  0%| F|  |TS  0|AC  0|TAMS 0x00000000c2f00000, 0x00000000c2f00000|
|  28|0x00000000c3000000, 0x00000000c3000000, 0x00000000c3100000|  0%| F|  |TS  0|AC  0|TAMS 0x00000000c3000000, 0x00000000c3000000|
|  29|0x00000000c3100000, 0x00000000c3100000, 0x00000000c3200000|  0%| F|  |TS  0|AC  0|TAMS 0x00000000c3100000, 0x00000000c3100000|
|  30|0x00000000c3200000, 0x00000000c3200000, 0x00000000c3300000|  0%| F|  |TS  0|AC  0|TAMS 0x00000000c3200000, 0x00000000c3200000|
|  31|0x00000000c3300000, 0x00000000c3300000, 0x00000000c3400000|  0%| F|  |TS  0|AC  0|TAMS 0x00000000c3300000, 0x00000000c3300000|
|  32|0x00000000c3400000, 0x00000000c3400000, 0x00000000c3500000|  0%| F|  |TS  0|AC  0|TAMS 0x00000000c3400000, 0x00000000c3400000|
|  33|0x00000000c3500000, 0x00000000c3500000, 0x00000000c3600000|  0%| F|  |TS  0|AC  0|TAMS 0x00000000c3500000, 0x00000000c3500000|
|  34|0x00000000c3600000, 0x00000000c3600000, 0x00000000c3700000|  0%| F|  |TS  0|AC  0|TAMS 0x00000000c3600000, 0x00000000c3600000|
|  35|0x00000000c3700000, 0x00000000c3700000, 0x00000000c3800000|  0%| F|  |TS  0|AC  0|TAMS 0x00000000c3700000, 0x00000000c3700000|
|  36|0x00000000c3800000, 0x00000000c3800000, 0x00000000c3900000|  0%| F|  |TS  0|AC  0|TAMS 0x00000000c3800000, 0x00000000c3800000|
|  37|0x00000000c3900000, 0x00000000c3900000, 0x00000000c3a00000|  0%| F|  |TS  0|AC  0|TAMS 0x00000000c3900000, 0x00000000c3900000|
|  38|0x00000000c3a00000, 0x00000000c3a00000, 0x00000000c3b00000|  0%| F|  |TS  0|AC  0|TAMS 0x00000000c3a00000, 0x00000000c3a00000|
|  39|0x00000000c3b00000, 0x00000000c3b00000, 0x00000000c3c00000|  0%| F|  |TS  0|AC  0|TAMS 0x00000000c3b00000, 0x00000000c3b00000|
|  40|0x00000000c3c00000, 0x00000000c3c00000, 0x00000000c3d00000|  0%| F|  |TS  0|AC  0|TAMS 0x00000000c3c00000, 0x00000000c3c00000|
|  41|0x00000000c3d00000, 0x00000000c3d00000, 0x00000000c3e00000|  0%| F|  |TS  0|AC  0|TAMS 0x00000000c3d00000, 0x00000000c3d00000|
|  42|0x00000000c3e00000, 0x00000000c3e00000, 0x00000000c3f00000|  0%| F|  |TS  0|AC  0|TAMS 0x00000000c3e00000, 0x00000000c3e00000|
|  43|0x00000000c3f00000, 0x00000000c3f00000, 0x00000000c4000000|  0%| F|  |TS  0|AC  0|TAMS 0x00000000c3f00000, 0x00000000c3f00000|
|  44|0x00000000c4000000, 0x00000000c4000000, 0x00000000c4100000|  0%| F|  |TS  0|AC  0|TAMS 0x00000000c4000000, 0x00000000c4000000|
|  45|0x00000000c4100000, 0x00000000c4100000, 0x00000000c4200000|  0%| F|  |TS  0|AC  0|TAMS 0x00000000c4100000, 0x00000000c4100000|
|  46|0x00000000c4200000, 0x00000000c4200000, 0x00000000c4300000|  0%| F|  |TS  0|AC  0|TAMS 0x00000000c4200000, 0x00000000c4200000|
|  47|0x00000000c4300000, 0x00000000c4300000, 0x00000000c4400000|  0%| F|  |TS  0|AC  0|TAMS 0x00000000c4300000, 0x00000000c4300000|
|  48|0x00000000c4400000, 0x00000000c4500000, 0x00000000c4500000|100%| S|CS|TS  1|AC  0|TAMS 0x00000000c4400000, 0x00000000c4400000|
|  49|0x00000000c4500000, 0x00000000c4600000, 0x00000000c4600000|100%| S|CS|TS  1|AC  0|TAMS 0x00000000c4500000, 0x00000000c4500000|
|  50|0x00000000c4600000, 0x00000000c4600000, 0x00000000c4700000|  0%| F|  |TS  1|AC  0|TAMS 0x00000000c4600000, 0x00000000c4600000|
|  51|0x00000000c4700000, 0x00000000c4700000, 0x00000000c4800000|  0%| F|  |TS  1|AC  0|TAMS 0x00000000c4700000, 0x00000000c4700000|
|  52|0x00000000c4800000, 0x00000000c4800000, 0x00000000c4900000|  0%| F|  |TS  1|AC  0|TAMS 0x00000000c4800000, 0x00000000c4800000|
|  53|0x00000000c4900000, 0x00000000c4900000, 0x00000000c4a00000|  0%| F|  |TS  1|AC  0|TAMS 0x00000000c4900000, 0x00000000c4900000|
|  54|0x00000000c4a00000, 0x00000000c4a00000, 0x00000000c4b00000|  0%| F|  |TS  1|AC  0|TAMS 0x00000000c4a00000, 0x00000000c4a00000|
|  55|0x00000000c4b00000, 0x00000000c4b00000, 0x00000000c4c00000|  0%| F|  |TS  1|AC  0|TAMS 0x00000000c4b00000, 0x00000000c4b00000|
|  56|0x00000000c4c00000, 0x00000000c4c00000, 0x00000000c4d00000|  0%| F|  |TS  1|AC  0|TAMS 0x00000000c4c00000, 0x00000000c4c00000|
|  57|0x00000000c4d00000, 0x00000000c4d00000, 0x00000000c4e00000|  0%| F|  |TS  1|AC  0|TAMS 0x00000000c4d00000, 0x00000000c4d00000|
|  58|0x00000000c4e00000, 0x00000000c4e67010, 0x00000000c4f00000| 40%| E|  |TS  1|AC  0|TAMS 0x00000000c4e00000, 0x00000000c4e00000|
|  59|0x00000000c4f00000, 0x00000000c5000000, 0x00000000c5000000|100%| E|CS|TS  1|AC  0|TAMS 0x00000000c4f00000, 0x00000000c4f00000|
|  60|0x00000000c5000000, 0x00000000c5100000, 0x00000000c5100000|100%| E|CS|TS  1|AC  0|TAMS 0x00000000c5000000, 0x00000000c5000000|
|  61|0x00000000c5100000, 0x00000000c5200000, 0x00000000c5200000|100%| E|CS|TS  1|AC  0|TAMS 0x00000000c5100000, 0x00000000c5100000|
|  62|0x00000000c5200000, 0x00000000c5300000, 0x00000000c5300000|100%| E|CS|TS  1|AC  0|TAMS 0x00000000c5200000, 0x00000000c5200000|
|  63|0x00000000c5300000, 0x00000000c5400000, 0x00000000c5400000|100%| E|CS|TS  1|AC  0|TAMS 0x00000000c5300000, 0x00000000c5300000|

Card table byte_map: [0x0000019b728e0000,0x0000019b72ae0000] byte_map_base: 0x0000019b722d6000

Marking Bits (Prev, Next): (CMBitMap*) 0x0000019b5bf8a340, (CMBitMap*) 0x0000019b5bf8a378
 Prev Bits: [0x0000019b72ce0000, 0x0000019b73c90000)
 Next Bits: [0x0000019b73c90000, 0x0000019b74c40000)

Polling page: 0x0000019b59e70000

CodeHeap 'non-profiled nmethods': size=120064Kb used=489Kb max_used=489Kb free=119574Kb
 bounds [0x0000019b6b1a0000, 0x0000019b6b410000, 0x0000019b726e0000]
CodeHeap 'profiled nmethods': size=120000Kb used=2074Kb max_used=2074Kb free=117925Kb
 bounds [0x0000019b63c70000, 0x0000019b63ee0000, 0x0000019b6b1a0000]
CodeHeap 'non-nmethods': size=5696Kb used=1225Kb max_used=1238Kb free=4470Kb
 bounds [0x0000019b636e0000, 0x0000019b63950000, 0x0000019b63c70000]
 total_blobs=2041 nmethods=1188 adapters=517
 compilation: enabled

Compilation events (10 events):
Event: 5.356 Thread 0x0000019b77904800 nmethod 1182 0x0000019b63e6df90 code [0x0000019b63e6e140, 0x0000019b63e6e2d0]
Event: 5.356 Thread 0x0000019b77904800 1183  s    3       java.lang.StringBuffer::append (13 bytes)
Event: 5.356 Thread 0x0000019b77904800 nmethod 1183 0x0000019b63e6e390 code [0x0000019b63e6e560, 0x0000019b63e6e890]
Event: 5.357 Thread 0x0000019b778f8000 nmethod 1185 0x0000019b6b21a190 code [0x0000019b6b21a320, 0x0000019b6b21a3f8]
Event: 5.364 Thread 0x0000019b77904800 1186   !   3       java.net.URL::<init> (543 bytes)
Event: 5.368 Thread 0x0000019b77904800 nmethod 1186 0x0000019b63e6e990 code [0x0000019b63e6f080, 0x0000019b63e72dd0]
Event: 5.368 Thread 0x0000019b77904800 1187   !   3       java.net.URL::set (114 bytes)
Event: 5.368 Thread 0x0000019b77904800 nmethod 1187 0x0000019b63e75010 code [0x0000019b63e752a0, 0x0000019b63e760a0]
Event: 5.368 Thread 0x0000019b77904800 1188       3       sun.net.www.ParseUtil::encodePath (41 bytes)
Event: 5.369 Thread 0x0000019b77904800 nmethod 1188 0x0000019b63e76510 code [0x0000019b63e76700, 0x0000019b63e76990]

GC Heap History (2 events):
Event: 1.173 GC heap before
{Heap before GC invocations=0 (full 0):
 garbage-first heap   total 65536K, used 14336K [0x00000000c1400000, 0x0000000100000000)
  region size 1024K, 14 young (14336K), 0 survivors (0K)
 Metaspace       used 14749K, capacity 15175K, committed 15488K, reserved 1062912K
  class space    used 1596K, capacity 1818K, committed 1920K, reserved 1048576K
}
Event: 1.179 GC heap after
{Heap after GC invocations=1 (full 0):
 garbage-first heap   total 65536K, used 3420K [0x00000000c1400000, 0x0000000100000000)
  region size 1024K, 2 young (2048K), 2 survivors (2048K)
 Metaspace       used 14749K, capacity 15175K, committed 15488K, reserved 1062912K
  class space    used 1596K, capacity 1818K, committed 1920K, reserved 1048576K
}

Deoptimization events (6 events):
Event: 0.136 Thread 0x0000019b5bf2f800 Uncommon trap: reason=unstable_if action=reinterpret pc=0x0000019b6b1a3df0 method=java.lang.String.hashCode()I @ 14 c2
Event: 0.309 Thread 0x0000019b5bf2f800 Uncommon trap: reason=unstable_if action=reinterpret pc=0x0000019b6b1bbf18 method=java.lang.StringLatin1.replace([BCC)Ljava/lang/String; @ 19 c2
Event: 1.207 Thread 0x0000019b5bf2f800 Uncommon trap: reason=unstable_if action=reinterpret pc=0x0000019b6b1ea6bc method=java.lang.ref.ReferenceQueue.poll()Ljava/lang/ref/Reference; @ 4 c2
Event: 1.280 Thread 0x0000019b5bf2f800 Uncommon trap: reason=unstable_if action=reinterpret pc=0x0000019b6b1fb18c method=java.lang.String.<init>([CIILjava/lang/Void;)V @ 5 c2
Event: 5.313 Thread 0x0000019b5bf2f800 Uncommon trap: reason=intrinsic_or_type_checked_inlining action=make_not_entrant pc=0x0000019b6b215d74 method=java.util.Arrays.copyOf([Ljava/lang/Object;ILjava/lang/Class;)[Ljava/lang/Object; @ 36 c2
Event: 5.353 Thread 0x0000019b5bf2f800 Uncommon trap: reason=unstable_if action=reinterpret pc=0x0000019b6b1f1178 method=java.lang.AbstractStringBuilder.append(Ljava/lang/String;)Ljava/lang/AbstractStringBuilder; @ 1 c2

Classes redefined (0 events):
No events

Internal exceptions (10 events):
Event: 1.230 Thread 0x0000019b5bf2f800 Exception <a 'java/lang/NoSuchMethodError'{0x00000000c5165ba8}: java.lang.invoke.DirectMethodHandle$Holder.invokeStatic(Ljava/lang/Object;Ljava/lang/Object;Ljava/lang/Object;)I> (0x00000000c5165ba8) thrown at [t:/workspace/open/src/hotspot/share/interpret
Event: 1.232 Thread 0x0000019b5bf2f800 Exception <a 'java/lang/NoSuchMethodError'{0x00000000c516e4c8}: java.lang.invoke.DirectMethodHandle$Holder.invokeStatic(Ljava/lang/Object;Ljava/lang/Object;)I> (0x00000000c516e4c8) thrown at [t:/workspace/open/src/hotspot/share/interpreter/linkResolver.cp
Event: 3.291 Thread 0x0000019b5bf2f800 Exception <a 'java/net/ConnectException'{0x00000000c50cfe20}: Connection refused: connect> (0x00000000c50cfe20) thrown at [t:/workspace/open/src/hotspot/share/prims/jni.cpp, line 632]
Event: 5.292 Thread 0x0000019b5bf2f800 Exception <a 'java/net/ConnectException'{0x00000000c50d0738}: Connection refused: connect> (0x00000000c50d0738) thrown at [t:/workspace/open/src/hotspot/share/prims/jni.cpp, line 632]
Event: 5.311 Thread 0x0000019b5bf2f800 Exception <a 'java/lang/reflect/InvocationTargetException'{0x00000000c4f2d018}> (0x00000000c4f2d018) thrown at [t:/workspace/open/src/hotspot/share/runtime/reflection.cpp, line 1222]
Event: 5.353 Thread 0x0000019b5bf2f800 Implicit null exception at 0x0000019b6b1f0bf4 to 0x0000019b6b1f115e
Event: 5.353 Thread 0x0000019b5bf2f800 Exception <a 'java/io/FileNotFoundException'{0x00000000c4f5d1d8}> (0x00000000c4f5d1d8) thrown at [t:/workspace/open/src/hotspot/share/prims/jni.cpp, line 611]
Event: 5.355 Thread 0x0000019b5bf2f800 Exception <a 'java/io/FileNotFoundException'{0x00000000c4f6ed70}> (0x00000000c4f6ed70) thrown at [t:/workspace/open/src/hotspot/share/prims/jni.cpp, line 611]
Event: 5.356 Thread 0x0000019b5bf2f800 Exception <a 'java/io/FileNotFoundException'{0x00000000c4f7d150}> (0x00000000c4f7d150) thrown at [t:/workspace/open/src/hotspot/share/prims/jni.cpp, line 611]
Event: 5.358 Thread 0x0000019b5bf2f800 Exception <a 'java/io/FileNotFoundException'{0x00000000c4f8ea78}> (0x00000000c4f8ea78) thrown at [t:/workspace/open/src/hotspot/share/prims/jni.cpp, line 611]

Events (10 events):
Event: 5.361 loading class gnu/io/UnSupportedLoggerException
Event: 5.361 loading class gnu/io/UnSupportedLoggerException done
Event: 5.364 loading class gnu/io/RXTXPort$MonitorThread
Event: 5.364 loading class gnu/io/RXTXPort$MonitorThread done
Event: 5.365 Thread 0x0000019b79516800 Thread added: 0x0000019b79516800
Event: 5.369 Thread 0x0000019b78e44800 Thread added: 0x0000019b78e44800
Event: 5.370 Thread 0x0000019b5bf2f800 Thread exited: 0x0000019b5bf2f800
Event: 5.370 Thread 0x0000019b5bf2f800 Thread added: 0x0000019b5bf2f800
Event: 6.854 Executing VM operation: RevokeBias
Event: 6.854 Executing VM operation: RevokeBias done


Dynamic libraries:
0x00007ff6acae0000 - 0x00007ff6acb1e000 	C:\Program Files\Java\jre-10.0.2\bin\javaw.exe
0x00007ffc26560000 - 0x00007ffc26750000 	C:\WINDOWS\SYSTEM32\ntdll.dll
0x00007ffc24a10000 - 0x00007ffc24ac2000 	C:\WINDOWS\System32\KERNEL32.DLL
0x00007ffc23d20000 - 0x00007ffc23fc3000 	C:\WINDOWS\System32\KERNELBASE.dll
0x00007ffc25e90000 - 0x00007ffc25f33000 	C:\WINDOWS\System32\ADVAPI32.dll
0x00007ffc25fc0000 - 0x00007ffc2605e000 	C:\WINDOWS\System32\msvcrt.dll
0x00007ffc260d0000 - 0x00007ffc26167000 	C:\WINDOWS\System32\sechost.dll
0x00007ffc25bc0000 - 0x00007ffc25ce0000 	C:\WINDOWS\System32\RPCRT4.dll
0x00007ffc24c60000 - 0x00007ffc24df3000 	C:\WINDOWS\System32\USER32.dll
0x00007ffc241b0000 - 0x00007ffc241d1000 	C:\WINDOWS\System32\win32u.dll
0x00007ffc24c30000 - 0x00007ffc24c56000 	C:\WINDOWS\System32\GDI32.dll
0x00007ffc243d0000 - 0x00007ffc24564000 	C:\WINDOWS\System32\gdi32full.dll
0x00007ffc242e0000 - 0x00007ffc2437e000 	C:\WINDOWS\System32\msvcp_win.dll
0x00007ffc241e0000 - 0x00007ffc242da000 	C:\WINDOWS\System32\ucrtbase.dll
0x00007ffc10030000 - 0x00007ffc102b5000 	C:\WINDOWS\WinSxS\amd64_microsoft.windows.common-controls_6595b64144ccf1df_6.0.18362.175_none_e6c3ab1f131014c9\COMCTL32.dll
0x00007ffc1e0f0000 - 0x00007ffc1e0fa000 	C:\WINDOWS\SYSTEM32\VERSION.dll
0x00007ffc261e0000 - 0x00007ffc26516000 	C:\WINDOWS\System32\combase.dll
0x00007ffc24120000 - 0x00007ffc241a1000 	C:\WINDOWS\System32\bcryptPrimitives.dll
0x00007ffc246d0000 - 0x00007ffc246fe000 	C:\WINDOWS\System32\IMM32.DLL
0x00007ffc1a5f0000 - 0x00007ffc1a6df000 	C:\Program Files\Java\jre-10.0.2\bin\msvcr120.dll
0x00007ffc1a4a0000 - 0x00007ffc1a546000 	C:\Program Files\Java\jre-10.0.2\bin\msvcp120.dll
0x000000005f7b0000 - 0x0000000060220000 	C:\Program Files\Java\jre-10.0.2\bin\server\jvm.dll
0x00007ffc26060000 - 0x00007ffc26068000 	C:\WINDOWS\System32\PSAPI.DLL
0x00007ffc161a0000 - 0x00007ffc161a9000 	C:\WINDOWS\SYSTEM32\WSOCK32.dll
0x00007ffc26170000 - 0x00007ffc261df000 	C:\WINDOWS\System32\WS2_32.dll
0x00007ffc21020000 - 0x00007ffc21044000 	C:\WINDOWS\SYSTEM32\WINMM.dll
0x00007ffc20ff0000 - 0x00007ffc2101d000 	C:\WINDOWS\SYSTEM32\WINMMBASE.dll
0x00007ffc23cd0000 - 0x00007ffc23d1a000 	C:\WINDOWS\System32\cfgmgr32.dll
0x00007ffc1cd30000 - 0x00007ffc1cd3f000 	C:\Program Files\Java\jre-10.0.2\bin\verify.dll
0x00007ffc21d90000 - 0x00007ffc21f84000 	C:\WINDOWS\SYSTEM32\DBGHELP.DLL
0x00007ffc1cbe0000 - 0x00007ffc1cc0a000 	C:\WINDOWS\SYSTEM32\dbgcore.DLL
0x00007ffc1c1c0000 - 0x00007ffc1c1e7000 	C:\Program Files\Java\jre-10.0.2\bin\java.dll
0x00007ffc1ca00000 - 0x00007ffc1ca16000 	C:\Program Files\Java\jre-10.0.2\bin\zip.dll
0x00007ffc1c360000 - 0x00007ffc1c36a000 	C:\Program Files\Java\jre-10.0.2\bin\jimage.dll
0x00007ffc24e10000 - 0x00007ffc254f0000 	C:\WINDOWS\System32\SHELL32.dll
0x00007ffc24620000 - 0x00007ffc246c9000 	C:\WINDOWS\System32\shcore.dll
0x00007ffc23550000 - 0x00007ffc23ccb000 	C:\WINDOWS\System32\windows.storage.dll
0x00007ffc23440000 - 0x00007ffc2345f000 	C:\WINDOWS\System32\profapi.dll
0x00007ffc23480000 - 0x00007ffc234ca000 	C:\WINDOWS\System32\powrprof.dll
0x00007ffc23430000 - 0x00007ffc23440000 	C:\WINDOWS\System32\UMPDC.dll
0x00007ffc248c0000 - 0x00007ffc24912000 	C:\WINDOWS\System32\shlwapi.dll
0x00007ffc234d0000 - 0x00007ffc234e1000 	C:\WINDOWS\System32\kernel.appcore.dll
0x00007ffc24380000 - 0x00007ffc24397000 	C:\WINDOWS\System32\cryptsp.dll
0x00007ffc1c220000 - 0x00007ffc1c23a000 	C:\Program Files\Java\jre-10.0.2\bin\net.dll
0x00007ffc1ae30000 - 0x00007ffc1af1f000 	C:\WINDOWS\SYSTEM32\WINHTTP.dll
0x00007ffc22c40000 - 0x00007ffc22ca7000 	C:\WINDOWS\system32\mswsock.dll
0x00007ffc1c1a0000 - 0x00007ffc1c1b1000 	C:\Program Files\Java\jre-10.0.2\bin\nio.dll
0x00007ffc1a170000 - 0x00007ffc1a30b000 	C:\Program Files\Java\jre-10.0.2\bin\awt.dll
0x00007ffc247f0000 - 0x00007ffc248b4000 	C:\WINDOWS\System32\OLEAUT32.dll
0x00007ffc1f2a0000 - 0x00007ffc1f860000 	C:\WINDOWS\SYSTEM32\d2d1.dll
0x00007ffc21150000 - 0x00007ffc211df000 	C:\WINDOWS\SYSTEM32\apphelp.dll
0x00007ffc214c0000 - 0x00007ffc214ed000 	C:\WINDOWS\system32\DWMAPI.DLL
0x00007ffc21280000 - 0x00007ffc21319000 	C:\WINDOWS\system32\uxtheme.dll
0x00007ffc254f0000 - 0x00007ffc25627000 	C:\WINDOWS\System32\MSCTF.dll
0x00007ffc24ad0000 - 0x00007ffc24c26000 	C:\WINDOWS\System32\ole32.dll
0x00007ffc04c00000 - 0x00007ffc04d4f000 	C:\WINDOWS\system32\opengl32.dll
0x00007ffc08fc0000 - 0x00007ffc08fec000 	C:\WINDOWS\SYSTEM32\GLU32.dll
0x00007ffc22220000 - 0x00007ffc22240000 	C:\WINDOWS\SYSTEM32\dxcore.dll
0x00007ffc1a100000 - 0x00007ffc1a165000 	C:\Program Files\Java\jre-10.0.2\bin\fontmanager.dll
0x00007ffc1b9d0000 - 0x00007ffc1ba6e000 	C:\WINDOWS\System32\TextInputFramework.dll
0x00007ffc1b590000 - 0x00007ffc1b8b9000 	C:\WINDOWS\System32\CoreUIComponents.dll
0x00007ffc20dd0000 - 0x00007ffc20ea4000 	C:\WINDOWS\System32\CoreMessaging.dll
0x00007ffc22450000 - 0x00007ffc22481000 	C:\WINDOWS\SYSTEM32\ntmarta.dll
0x00007ffc20010000 - 0x00007ffc20163000 	C:\WINDOWS\SYSTEM32\wintypes.dll
0x00007ffc1a700000 - 0x00007ffc1a742000 	C:\Program Files\Java\jre-10.0.2\bin\t2k.dll
0x00007ffc18d90000 - 0x00007ffc19036000 	C:\WINDOWS\System32\iertutil.dll
0x00007ffc229f0000 - 0x00007ffc22aba000 	C:\WINDOWS\SYSTEM32\DNSAPI.dll
0x00007ffc24700000 - 0x00007ffc24708000 	C:\WINDOWS\System32\NSI.dll
0x00007ffc229a0000 - 0x00007ffc229da000 	C:\WINDOWS\SYSTEM32\IPHLPAPI.DLL
0x00007ffc19650000 - 0x00007ffc1965a000 	C:\Windows\System32\rasadhlp.dll
0x00007ffc21320000 - 0x00007ffc21397000 	C:\WINDOWS\System32\fwpuclnt.dll
0x00007ffc243a0000 - 0x00007ffc243c6000 	C:\WINDOWS\System32\bcrypt.dll
0x0000000180000000 - 0x0000000180025000 	D:\SerialDataTest\Logger\SerialDataIn\rxtxSerial.dll

dbghelp: loaded successfully - version: 4.0.5 - missing functions: none
symbol engine: initialized successfully - sym options: 0x614 - pdb path: .;C:\Program Files\Java\jre-10.0.2\bin;C:\WINDOWS\SYSTEM32;C:\WINDOWS\WinSxS\amd64_microsoft.windows.common-controls_6595b64144ccf1df_6.0.18362.175_none_e6c3ab1f131014c9;C:\Program Files\Java\jre-10.0.2\bin\server;D:\SerialDataTest\Logger\SerialDataIn

VM Arguments:
jvm_args: -Djava.library.path=D:\SerialDataTest\Logger\SerialDataIn -Dfile.encoding=Cp1252 
java_command: com.serialdata.SerialData
java_class_path (initial): D:\SerialDataTest\Logger\SerialDataIn\bin;D:\SerialDataTest\Logger\SerialDataIn\lib\RXTXcomm.jar;D:\SerialDataTest\Logger\SerialDataIn\lib\mysql-connector-java-5.1.46-bin.jar
Launcher Type: SUN_STANDARD

Logging:
Log output configuration:
#0: stdout all=warning uptime,level,tags
#1: stderr all=off uptime,level,tags

Environment Variables:
JAVA_HOME=C:\Program Files\Java\jdk1.8.0_201
PATH=C:/Program Files/Java/jre1.8.0_201/bin/server;C:/Program Files/Java/jre1.8.0_201/bin;C:/Program Files/Java/jre1.8.0_201/lib/amd64;C:\Program Files (x86)\Intel\Intel(R) Management Engine Components\iCLS\;C:\Program Files\Intel\Intel(R) Management Engine Components\iCLS\;C:\Program Files (x86)\Common Files\Oracle\Java\javapath;C:\WINDOWS\system32;C:\WINDOWS;C:\WINDOWS\System32\Wbem;C:\WINDOWS\System32\WindowsPowerShell\v1.0\;C:\Program Files\nodejs\;C:\Program Files\Java\jdk1.8.0_201\bin;C:\Program Files\Java\jre1.8.0_201\bin;C:\Program Files\Git\cmd;C:\Program Files (x86)\Intel\Intel(R) Management Engine Components\DAL;C:\Program Files\Intel\Intel(R) Management Engine Components\DAL;C:\Program Files (x86)\Intel\Intel(R) Management Engine Components\IPT;C:\Program Files\Intel\Intel(R) Management Engine Components\IPT;C:\WINDOWS\System32\OpenSSH\;C:\Program Files\curl-7.61.1_6-win64-mingw\curl-7.61.1-win64-mingw\bin;C:\Program Files\PuTTY\;C:\xampp\php;C:\ProgramData\ComposerSetup\bin;C:\Users\Lahiru Sudesh\AppData\Local\Microsoft\WindowsApps;C:\Users\Lahiru Sudesh\AppData\Roaming\npm;C:\Users\Lahiru Sudesh\AppData\Local\Programs\Microsoft VS Code\bin;C:\Program Files\heroku\bin;C:\Users\Lahiru Sudesh\AppData\Roaming\Composer\vendor\bin;;C:\WINDOWS\system32;
USERNAME=Lahiru Sudesh
OS=Windows_NT
PROCESSOR_IDENTIFIER=Intel64 Family 6 Model 142 Stepping 9, GenuineIntel



---------------  S Y S T E M  ---------------

OS: Windows 10 , 64 bit Build 18362 (10.0.18362.86)

CPU:total 4 (initial active 4) (2 cores per cpu, 2 threads per core) family 6 model 142 stepping 9, cmov, cx8, fxsr, mmx, sse, sse2, sse3, ssse3, sse4.1, sse4.2, popcnt, avx, avx2, aes, clmul, erms, 3dnowpref, lzcnt, ht, tsc, tscinvbit, bmi1, bmi2, adx, fma

Memory: 4k page, physical 4109220k(680568k free), swap 8303524k(2416780k free)

vm_info: Java HotSpot(TM) 64-Bit Server VM (10.0.2+13) for windows-amd64 JRE (10.0.2+13), built on Jun 28 2018 01:57:56 by "mach5one" with MS VC++ 12.0 (VS2013)

END.
